<?xml version="1.0" encoding="UTF-8"?>
<!-- Generated by org.testng.reporters.JUnitReportReporter -->
<testsuite hostname="DESKTOP-8MT7VI7" failures="0" tests="4" name="org.example.testng.BeforeAfterChildTest" time="0.008" errors="0" timestamp="2024-03-29T16:12:14 PDT" skipped="0">
  <testcase classname="org.example.testng.BeforeAfterChildTest" name="testTwo" time="0.001"/>
  <testcase classname="org.example.testng.BeforeAfterChildTest" name="testThree" time="0.002"/>
  <testcase classname="org.example.testng.BeforeAfterChildTest" name="testFour" time="0.002"/>
  <testcase classname="org.example.testng.BeforeAfterChildTest" name="testOne" time="0.003"/>
</testsuite> <!-- org.example.testng.BeforeAfterChildTest -->
